0 info it worked if it ends with ok
1 verbose cli [ '/Users/wsyWeb/.nvm/versions/node/v4.4.7/bin/node',
1 verbose cli   '/Users/wsyWeb/.nvm/versions/node/v4.4.7/bin/npm',
1 verbose cli   'run',
1 verbose cli   'dve' ]
2 info using npm@4.0.5
3 info using node@v4.4.7
4 verbose stack Error: missing script: dve
4 verbose stack     at run (/Users/wsyWeb/.nvm/versions/node/v4.4.7/lib/node_modules/.npm_npminstall/node_modules/.4.0.5@npm/lib/run-script.js:151:19)
4 verbose stack     at /Users/wsyWeb/.nvm/versions/node/v4.4.7/lib/node_modules/.npm_npminstall/node_modules/.4.0.5@npm/lib/run-script.js:61:5
4 verbose stack     at /Users/wsyWeb/.nvm/versions/node/v4.4.7/lib/node_modules/.npm_npminstall/node_modules/.4.0.5@npm/node_modules/read-package-json/read-json.js:356:5
4 verbose stack     at checkBinReferences_ (/Users/wsyWeb/.nvm/versions/node/v4.4.7/lib/node_modules/.npm_npminstall/node_modules/.4.0.5@npm/node_modules/read-package-json/read-json.js:320:45)
4 verbose stack     at final (/Users/wsyWeb/.nvm/versions/node/v4.4.7/lib/node_modules/.npm_npminstall/node_modules/.4.0.5@npm/node_modules/read-package-json/read-json.js:354:3)
4 verbose stack     at then (/Users/wsyWeb/.nvm/versions/node/v4.4.7/lib/node_modules/.npm_npminstall/node_modules/.4.0.5@npm/node_modules/read-package-json/read-json.js:124:5)
4 verbose stack     at ReadFileContext.<anonymous> (/Users/wsyWeb/.nvm/versions/node/v4.4.7/lib/node_modules/.npm_npminstall/node_modules/.4.0.5@npm/node_modules/read-package-json/read-json.js:295:20)
4 verbose stack     at ReadFileContext.callback (/Users/wsyWeb/.nvm/versions/node/v4.4.7/lib/node_modules/.npm_npminstall/node_modules/.4.0.5@npm/node_modules/graceful-fs/graceful-fs.js:78:16)
4 verbose stack     at FSReqWrap.readFileAfterOpen [as oncomplete] (fs.js:303:13)
5 verbose cwd /Users/wsyWeb/codes/webLearn/webpack-learn/2
6 error Darwin 16.7.0
7 error argv "/Users/wsyWeb/.nvm/versions/node/v4.4.7/bin/node" "/Users/wsyWeb/.nvm/versions/node/v4.4.7/bin/npm" "run" "dve"
8 error node v4.4.7
9 error npm  v4.0.5
10 error missing script: dve
11 error If you need help, you may report this error at:
11 error     <https://github.com/npm/npm/issues>
12 verbose exit [ 1, true ]
